\BOOKMARK [0][-]{chapter.1}{Introduction}{}
\BOOKMARK [1][-]{section.1.1}{The N body problem}{chapter.1}
\BOOKMARK [2][-]{subsection.1.1.1}{Problem summary}{section.1.1}
\BOOKMARK [2][-]{subsection.1.1.2}{History of the problem}{section.1.1}
\BOOKMARK [2][-]{subsection.1.1.3}{Related work}{section.1.1}
\BOOKMARK [2][-]{subsection.1.1.4}{Contribution}{section.1.1}
\BOOKMARK [0][-]{chapter.2}{Algorithms for the N body problem}{}
\BOOKMARK [1][-]{section.2.1}{The O\(n2\) solution}{chapter.2}
\BOOKMARK [2][-]{subsection.2.1.1}{The algorithm}{section.2.1}
\BOOKMARK [2][-]{subsection.2.1.2}{Implementation analysis}{section.2.1}
\BOOKMARK [1][-]{section.2.2}{The particle mesh ewald method}{chapter.2}
\BOOKMARK [2][-]{subsection.2.2.1}{Background}{section.2.2}
\BOOKMARK [2][-]{subsection.2.2.2}{Mathematical description}{section.2.2}
\BOOKMARK [2][-]{subsection.2.2.3}{The algorithm}{section.2.2}
\BOOKMARK [2][-]{subsection.2.2.4}{The implementation}{section.2.2}
\BOOKMARK [2][-]{subsection.2.2.5}{Running time analysis}{section.2.2}
\BOOKMARK [2][-]{subsection.2.2.6}{Accuracy analysis}{section.2.2}
\BOOKMARK [1][-]{section.2.3}{The Fast multipole algorithm}{chapter.2}
\BOOKMARK [2][-]{subsection.2.3.1}{Background}{section.2.3}
\BOOKMARK [2][-]{subsection.2.3.2}{Mathematical description}{section.2.3}
\BOOKMARK [2][-]{subsection.2.3.3}{The algorithm}{section.2.3}
\BOOKMARK [2][-]{subsection.2.3.4}{The implementation}{section.2.3}
\BOOKMARK [2][-]{subsection.2.3.5}{Running time analysis}{section.2.3}
\BOOKMARK [2][-]{subsection.2.3.6}{Accuracy analysis}{section.2.3}
\BOOKMARK [0][-]{chapter.3}{Comparison of the algorithms}{}
\BOOKMARK [0][-]{chapter.4}{Discussion}{}
\BOOKMARK [0][-]{appendix.A}{Implementation}{}
\BOOKMARK [1][-]{section.A.1}{Benchmark computer details}{appendix.A}
\BOOKMARK [0][-]{appendix.B}{Mathematics}{}
